<?xml version="1.0" encoding="UTF-8"?>
<coverage generated="1750551690812" clover="3.2.0">
  <project timestamp="1750551690812" name="All files">
    <metrics statements="27" coveredstatements="27" conditionals="0" coveredconditionals="0" methods="4" coveredmethods="4" elements="31" coveredelements="31" complexity="0" loc="27" ncloc="27" packages="2" files="2" classes="2"/>
    <package name="models">
      <metrics statements="3" coveredstatements="3" conditionals="0" coveredconditionals="0" methods="0" coveredmethods="0"/>
      <file name="task.js" path="C:\Users\imran\OneDrive - Edge Hill University\JavaScript Projects\To Do List\models\task.js">
        <metrics statements="3" coveredstatements="3" conditionals="0" coveredconditionals="0" methods="0" coveredmethods="0"/>
        <line num="1" count="1" type="stmt"/>
        <line num="3" count="1" type="stmt"/>
        <line num="14" count="1" type="stmt"/>
      </file>
    </package>
    <package name="routes">
      <metrics statements="24" coveredstatements="24" conditionals="0" coveredconditionals="0" methods="4" coveredmethods="4"/>
      <file name="todo.js" path="C:\Users\imran\OneDrive - Edge Hill University\JavaScript Projects\To Do List\routes\todo.js">
        <metrics statements="24" coveredstatements="24" conditionals="0" coveredconditionals="0" methods="4" coveredmethods="4"/>
        <line num="1" count="1" type="stmt"/>
        <line num="2" count="1" type="stmt"/>
        <line num="3" count="1" type="stmt"/>
        <line num="5" count="1" type="stmt"/>
        <line num="6" count="2" type="stmt"/>
        <line num="7" count="2" type="stmt"/>
        <line num="8" count="1" type="stmt"/>
        <line num="10" count="1" type="stmt"/>
        <line num="15" count="1" type="stmt"/>
        <line num="16" count="2" type="stmt"/>
        <line num="17" count="2" type="stmt"/>
        <line num="18" count="1" type="stmt"/>
        <line num="20" count="1" type="stmt"/>
        <line num="25" count="1" type="stmt"/>
        <line num="26" count="2" type="stmt"/>
        <line num="27" count="2" type="stmt"/>
        <line num="28" count="1" type="stmt"/>
        <line num="30" count="1" type="stmt"/>
        <line num="36" count="1" type="stmt"/>
        <line num="37" count="2" type="stmt"/>
        <line num="38" count="2" type="stmt"/>
        <line num="39" count="1" type="stmt"/>
        <line num="41" count="1" type="stmt"/>
        <line num="49" count="1" type="stmt"/>
      </file>
    </package>
  </project>
</coverage>
