{"C:\\Users\\imran\\OneDrive - Edge Hill University\\JavaScript Projects\\To Do List\\models\\task.js": {"path":"C:\\Users\\imran\\OneDrive - Edge Hill University\\JavaScript Projects\\To Do List\\models\\task.js","statementMap":{"0":{"start":{"line":1,"column":17},"end":{"line":1,"column":36}},"1":{"start":{"line":3,"column":19},"end":{"line":12,"column":2}},"2":{"start":{"line":14,"column":0},"end":{"line":14,"column":51}}},"fnMap":{},"branchMap":{},"s":{"0":1,"1":1,"2":1},"f":{},"b":{},"_coverageSchema":"1a1c01bbd47fc00a2c39e90264f33305004495a9","hash":"9f821ffb961b6cfc32e7f3e12347d871a7a9d2a1"}
,"C:\\Users\\imran\\OneDrive - Edge Hill University\\JavaScript Projects\\To Do List\\routes\\todo.js": {"path":"C:\\Users\\imran\\OneDrive - Edge Hill University\\JavaScript Projects\\To Do List\\routes\\todo.js","statementMap":{"0":{"start":{"line":1,"column":16},"end":{"line":1,"column":34}},"1":{"start":{"line":2,"column":15},"end":{"line":2,"column":31}},"2":{"start":{"line":3,"column":13},"end":{"line":3,"column":38}},"3":{"start":{"line":5,"column":0},"end":{"line":13,"column":7}},"4":{"start":{"line":6,"column":4},"end":{"line":11,"column":5}},"5":{"start":{"line":7,"column":21},"end":{"line":7,"column":48}},"6":{"start":{"line":8,"column":8},"end":{"line":8,"column":35}},"7":{"start":{"line":10,"column":8},"end":{"line":10,"column":53}},"8":{"start":{"line":15,"column":0},"end":{"line":23,"column":7}},"9":{"start":{"line":16,"column":4},"end":{"line":21,"column":5}},"10":{"start":{"line":17,"column":22},"end":{"line":17,"column":39}},"11":{"start":{"line":18,"column":8},"end":{"line":18,"column":24}},"12":{"start":{"line":20,"column":8},"end":{"line":20,"column":52}},"13":{"start":{"line":25,"column":0},"end":{"line":34,"column":7}},"14":{"start":{"line":26,"column":4},"end":{"line":32,"column":5}},"15":{"start":{"line":27,"column":21},"end":{"line":27,"column":86}},"16":{"start":{"line":28,"column":8},"end":{"line":28,"column":23}},"17":{"start":{"line":30,"column":8},"end":{"line":30,"column":52}},"18":{"start":{"line":36,"column":0},"end":{"line":43,"column":7}},"19":{"start":{"line":37,"column":4},"end":{"line":42,"column":5}},"20":{"start":{"line":38,"column":8},"end":{"line":38,"column":52}},"21":{"start":{"line":39,"column":8},"end":{"line":39,"column":43}},"22":{"start":{"line":41,"column":8},"end":{"line":41,"column":52}},"23":{"start":{"line":49,"column":0},"end":{"line":49,"column":23}}},"fnMap":{"0":{"name":"(anonymous_0)","decl":{"start":{"line":5,"column":17},"end":{"line":5,"column":18}},"loc":{"start":{"line":5,"column":35},"end":{"line":13,"column":5}},"line":5},"1":{"name":"(anonymous_1)","decl":{"start":{"line":15,"column":16},"end":{"line":15,"column":17}},"loc":{"start":{"line":15,"column":34},"end":{"line":23,"column":5}},"line":15},"2":{"name":"(anonymous_2)","decl":{"start":{"line":25,"column":19},"end":{"line":25,"column":20}},"loc":{"start":{"line":25,"column":37},"end":{"line":34,"column":5}},"line":25},"3":{"name":"(anonymous_3)","decl":{"start":{"line":36,"column":22},"end":{"line":36,"column":23}},"loc":{"start":{"line":36,"column":40},"end":{"line":43,"column":5}},"line":36}},"branchMap":{},"s":{"0":1,"1":1,"2":1,"3":1,"4":2,"5":2,"6":1,"7":1,"8":1,"9":2,"10":2,"11":1,"12":1,"13":1,"14":2,"15":2,"16":1,"17":1,"18":1,"19":2,"20":2,"21":1,"22":1,"23":1},"f":{"0":2,"1":2,"2":2,"3":2},"b":{},"_coverageSchema":"1a1c01bbd47fc00a2c39e90264f33305004495a9","hash":"c086dfae8f7095b16f9ee4b8997f5513e7da9f23"}
}
