TN:
SF:models\task.js
FNF:0
FNH:0
DA:1,1
DA:3,1
DA:14,1
LF:3
LH:3
BRF:0
BRH:0
end_of_record
TN:
SF:routes\todo.js
FN:5,(anonymous_0)
FN:15,(anonymous_1)
FN:25,(anonymous_2)
FN:36,(anonymous_3)
FNF:4
FNH:4
FNDA:2,(anonymous_0)
FNDA:2,(anonymous_1)
FNDA:2,(anonymous_2)
FNDA:2,(anonymous_3)
DA:1,1
DA:2,1
DA:3,1
DA:5,1
DA:6,2
DA:7,2
DA:8,1
DA:10,1
DA:15,1
DA:16,2
DA:17,2
DA:18,1
DA:20,1
DA:25,1
DA:26,2
DA:27,2
DA:28,1
DA:30,1
DA:36,1
DA:37,2
DA:38,2
DA:39,1
DA:41,1
DA:49,1
LF:24
LH:24
BRF:0
BRH:0
end_of_record
