{"C:\\Users\\imran\\OneDrive - Edge Hill University\\JavaScript Projects\\To Do List React Front End\\ToDoList\\src\\App.jsx": {"path":"C:\\Users\\imran\\OneDrive - Edge Hill University\\JavaScript Projects\\To Do List React Front End\\ToDoList\\src\\App.jsx","statementMap":{"0":{"start":{"line":7,"column":27},"end":{"line":7,"column":39}},"1":{"start":{"line":8,"column":31},"end":{"line":8,"column":45}},"2":{"start":{"line":9,"column":27},"end":{"line":9,"column":41}},"3":{"start":{"line":11,"column":20},"end":{"line":26,"column":3}},"4":{"start":{"line":12,"column":4},"end":{"line":12,"column":21}},"5":{"start":{"line":13,"column":4},"end":{"line":13,"column":19}},"6":{"start":{"line":14,"column":4},"end":{"line":25,"column":5}},"7":{"start":{"line":15,"column":19},"end":{"line":15,"column":40}},"8":{"start":{"line":16,"column":6},"end":{"line":16,"column":21}},"9":{"start":{"line":19,"column":6},"end":{"line":19,"column":51}},"10":{"start":{"line":20,"column":6},"end":{"line":20,"column":57}},"11":{"start":{"line":24,"column":6},"end":{"line":24,"column":24}},"12":{"start":{"line":28,"column":2},"end":{"line":30,"column":6}},"13":{"start":{"line":29,"column":4},"end":{"line":29,"column":16}},"14":{"start":{"line":32,"column":18},"end":{"line":43,"column":3}},"15":{"start":{"line":33,"column":4},"end":{"line":41,"column":5}},"16":{"start":{"line":34,"column":22},"end":{"line":34,"column":45}},"17":{"start":{"line":35,"column":6},"end":{"line":35,"column":35}},"18":{"start":{"line":39,"column":6},"end":{"line":39,"column":48}},"19":{"start":{"line":40,"column":6},"end":{"line":40,"column":36}},"20":{"start":{"line":45,"column":25},"end":{"line":57,"column":3}},"21":{"start":{"line":47,"column":4},"end":{"line":56,"column":5}},"22":{"start":{"line":48,"column":26},"end":{"line":48,"column":80}},"23":{"start":{"line":49,"column":6},"end":{"line":51,"column":9}},"24":{"start":{"line":50,"column":8},"end":{"line":50,"column":44}},"25":{"start":{"line":54,"column":6},"end":{"line":54,"column":60}},"26":{"start":{"line":55,"column":6},"end":{"line":55,"column":39}},"27":{"start":{"line":59,"column":21},"end":{"line":68,"column":3}},"28":{"start":{"line":60,"column":4},"end":{"line":67,"column":5}},"29":{"start":{"line":61,"column":6},"end":{"line":61,"column":30}},"30":{"start":{"line":62,"column":6},"end":{"line":62,"column":53}},"31":{"start":{"line":62,"column":36},"end":{"line":62,"column":50}},"32":{"start":{"line":65,"column":6},"end":{"line":65,"column":50}},"33":{"start":{"line":66,"column":6},"end":{"line":66,"column":39}},"34":{"start":{"line":70,"column":2},"end":{"line":70,"column":50}},"35":{"start":{"line":70,"column":15},"end":{"line":70,"column":50}},"36":{"start":{"line":71,"column":2},"end":{"line":71,"column":45}},"37":{"start":{"line":71,"column":13},"end":{"line":71,"column":45}},"38":{"start":{"line":73,"column":2},"end":{"line":83,"column":4}}},"fnMap":{"0":{"name":"App","decl":{"start":{"line":6,"column":9},"end":{"line":6,"column":12}},"loc":{"start":{"line":6,"column":15},"end":{"line":85,"column":1}},"line":6},"1":{"name":"(anonymous_1)","decl":{"start":{"line":11,"column":20},"end":{"line":11,"column":21}},"loc":{"start":{"line":11,"column":32},"end":{"line":26,"column":3}},"line":11},"2":{"name":"(anonymous_2)","decl":{"start":{"line":28,"column":12},"end":{"line":28,"column":13}},"loc":{"start":{"line":28,"column":18},"end":{"line":30,"column":1}},"line":28},"3":{"name":"(anonymous_3)","decl":{"start":{"line":32,"column":18},"end":{"line":32,"column":19}},"loc":{"start":{"line":32,"column":35},"end":{"line":43,"column":3}},"line":32},"4":{"name":"(anonymous_4)","decl":{"start":{"line":45,"column":25},"end":{"line":45,"column":26}},"loc":{"start":{"line":46,"column":2},"end":{"line":57,"column":3}},"line":46},"5":{"name":"(anonymous_5)","decl":{"start":{"line":49,"column":25},"end":{"line":49,"column":26}},"loc":{"start":{"line":50,"column":8},"end":{"line":50,"column":44}},"line":50},"6":{"name":"(anonymous_6)","decl":{"start":{"line":59,"column":21},"end":{"line":59,"column":22}},"loc":{"start":{"line":59,"column":35},"end":{"line":68,"column":3}},"line":59},"7":{"name":"(anonymous_7)","decl":{"start":{"line":62,"column":28},"end":{"line":62,"column":29}},"loc":{"start":{"line":62,"column":36},"end":{"line":62,"column":50}},"line":62}},"branchMap":{"0":{"loc":{"start":{"line":50,"column":8},"end":{"line":50,"column":44}},"type":"cond-expr","locations":[{"start":{"line":50,"column":26},"end":{"line":50,"column":37}},{"start":{"line":50,"column":40},"end":{"line":50,"column":44}}],"line":50},"1":{"loc":{"start":{"line":70,"column":2},"end":{"line":70,"column":50}},"type":"if","locations":[{"start":{"line":70,"column":2},"end":{"line":70,"column":50}},{"start":{},"end":{}}],"line":70},"2":{"loc":{"start":{"line":71,"column":2},"end":{"line":71,"column":45}},"type":"if","locations":[{"start":{"line":71,"column":2},"end":{"line":71,"column":45}},{"start":{},"end":{}}],"line":71}},"s":{"0":22,"1":22,"2":22,"3":22,"4":8,"5":8,"6":8,"7":8,"8":7,"9":1,"10":1,"11":8,"12":22,"13":8,"14":22,"15":2,"16":2,"17":1,"18":1,"19":1,"20":22,"21":2,"22":2,"23":1,"24":2,"25":1,"26":1,"27":22,"28":2,"29":2,"30":1,"31":2,"32":1,"33":1,"34":22,"35":8,"36":14,"37":4,"38":10},"f":{"0":22,"1":8,"2":8,"3":2,"4":2,"5":2,"6":2,"7":2},"b":{"0":[1,1],"1":[8,14],"2":[4,10]},"_coverageSchema":"1a1c01bbd47fc00a2c39e90264f33305004495a9","hash":"3b4cdcd9d7ed326210e0391ba388322ab2d10825"}
,"C:\\Users\\imran\\OneDrive - Edge Hill University\\JavaScript Projects\\To Do List React Front End\\ToDoList\\src\\Operations.js": {"path":"C:\\Users\\imran\\OneDrive - Edge Hill University\\JavaScript Projects\\To Do List React Front End\\ToDoList\\src\\Operations.js","statementMap":{"0":{"start":{"line":1,"column":14},"end":{"line":1,"column":30}},"1":{"start":{"line":3,"column":24},"end":{"line":3,"column":58}},"2":{"start":{"line":5,"column":23},"end":{"line":8,"column":1}},"3":{"start":{"line":6,"column":21},"end":{"line":6,"column":53}},"4":{"start":{"line":7,"column":4},"end":{"line":7,"column":25}},"5":{"start":{"line":10,"column":20},"end":{"line":13,"column":1}},"6":{"start":{"line":11,"column":21},"end":{"line":11,"column":63}},"7":{"start":{"line":12,"column":4},"end":{"line":12,"column":25}},"8":{"start":{"line":15,"column":23},"end":{"line":18,"column":1}},"9":{"start":{"line":16,"column":21},"end":{"line":16,"column":72}},"10":{"start":{"line":17,"column":4},"end":{"line":17,"column":25}},"11":{"start":{"line":20,"column":23},"end":{"line":23,"column":1}},"12":{"start":{"line":21,"column":21},"end":{"line":21,"column":67}},"13":{"start":{"line":22,"column":4},"end":{"line":22,"column":25}},"14":{"start":{"line":25,"column":0},"end":{"line":30,"column":2}}},"fnMap":{"0":{"name":"(anonymous_0)","decl":{"start":{"line":5,"column":23},"end":{"line":5,"column":24}},"loc":{"start":{"line":5,"column":35},"end":{"line":8,"column":1}},"line":5},"1":{"name":"(anonymous_1)","decl":{"start":{"line":10,"column":20},"end":{"line":10,"column":21}},"loc":{"start":{"line":10,"column":37},"end":{"line":13,"column":1}},"line":10},"2":{"name":"(anonymous_2)","decl":{"start":{"line":15,"column":23},"end":{"line":15,"column":24}},"loc":{"start":{"line":15,"column":44},"end":{"line":18,"column":1}},"line":15},"3":{"name":"(anonymous_3)","decl":{"start":{"line":20,"column":23},"end":{"line":20,"column":24}},"loc":{"start":{"line":20,"column":36},"end":{"line":23,"column":1}},"line":20}},"branchMap":{},"s":{"0":1,"1":1,"2":1,"3":1,"4":1,"5":1,"6":1,"7":1,"8":1,"9":1,"10":1,"11":1,"12":1,"13":1,"14":1},"f":{"0":1,"1":1,"2":1,"3":1},"b":{},"_coverageSchema":"1a1c01bbd47fc00a2c39e90264f33305004495a9","hash":"25fe1b9756fc0ba24ba5882182fa05c33e67e5a5"}
,"C:\\Users\\imran\\OneDrive - Edge Hill University\\JavaScript Projects\\To Do List React Front End\\ToDoList\\src\\TaskForm.jsx": {"path":"C:\\Users\\imran\\OneDrive - Edge Hill University\\JavaScript Projects\\To Do List React Front End\\ToDoList\\src\\TaskForm.jsx","statementMap":{"0":{"start":{"line":5,"column":44},"end":{"line":5,"column":56}},"1":{"start":{"line":7,"column":25},"end":{"line":17,"column":5}},"2":{"start":{"line":8,"column":8},"end":{"line":8,"column":27}},"3":{"start":{"line":9,"column":8},"end":{"line":13,"column":9}},"4":{"start":{"line":11,"column":12},"end":{"line":11,"column":48}},"5":{"start":{"line":12,"column":12},"end":{"line":12,"column":19}},"6":{"start":{"line":15,"column":8},"end":{"line":15,"column":32}},"7":{"start":{"line":16,"column":8},"end":{"line":16,"column":28}},"8":{"start":{"line":20,"column":4},"end":{"line":36,"column":6}},"9":{"start":{"line":28,"column":27},"end":{"line":28,"column":58}}},"fnMap":{"0":{"name":"TaskForm","decl":{"start":{"line":3,"column":9},"end":{"line":3,"column":17}},"loc":{"start":{"line":4,"column":0},"end":{"line":37,"column":1}},"line":4},"1":{"name":"(anonymous_1)","decl":{"start":{"line":7,"column":25},"end":{"line":7,"column":26}},"loc":{"start":{"line":7,"column":32},"end":{"line":17,"column":5}},"line":7},"2":{"name":"(anonymous_2)","decl":{"start":{"line":28,"column":20},"end":{"line":28,"column":21}},"loc":{"start":{"line":28,"column":27},"end":{"line":28,"column":58}},"line":28}},"branchMap":{"0":{"loc":{"start":{"line":9,"column":8},"end":{"line":13,"column":9}},"type":"if","locations":[{"start":{"line":9,"column":8},"end":{"line":13,"column":9}},{"start":{},"end":{}}],"line":9}},"s":{"0":19,"1":19,"2":4,"3":4,"4":1,"5":1,"6":3,"7":3,"8":19,"9":3},"f":{"0":19,"1":4,"2":3},"b":{"0":[1,3]},"_coverageSchema":"1a1c01bbd47fc00a2c39e90264f33305004495a9","hash":"58e31735e325d3c2ba21ea4aaf606e2528162756"}
,"C:\\Users\\imran\\OneDrive - Edge Hill University\\JavaScript Projects\\To Do List React Front End\\ToDoList\\src\\TaskItem.jsx": {"path":"C:\\Users\\imran\\OneDrive - Edge Hill University\\JavaScript Projects\\To Do List React Front End\\ToDoList\\src\\TaskItem.jsx","statementMap":{"0":{"start":{"line":5,"column":4},"end":{"line":43,"column":6}},"1":{"start":{"line":23,"column":25},"end":{"line":23,"column":67}},"2":{"start":{"line":28,"column":25},"end":{"line":28,"column":47}}},"fnMap":{"0":{"name":"TaskItem","decl":{"start":{"line":3,"column":9},"end":{"line":3,"column":17}},"loc":{"start":{"line":4,"column":0},"end":{"line":45,"column":1}},"line":4},"1":{"name":"(anonymous_1)","decl":{"start":{"line":23,"column":19},"end":{"line":23,"column":20}},"loc":{"start":{"line":23,"column":25},"end":{"line":23,"column":67}},"line":23},"2":{"name":"(anonymous_2)","decl":{"start":{"line":28,"column":19},"end":{"line":28,"column":20}},"loc":{"start":{"line":28,"column":25},"end":{"line":28,"column":47}},"line":28}},"branchMap":{"0":{"loc":{"start":{"line":13,"column":28},"end":{"line":13,"column":64}},"type":"cond-expr","locations":[{"start":{"line":13,"column":45},"end":{"line":13,"column":54}},{"start":{"line":13,"column":57},"end":{"line":13,"column":64}}],"line":13},"1":{"loc":{"start":{"line":19,"column":28},"end":{"line":19,"column":68}},"type":"cond-expr","locations":[{"start":{"line":19,"column":45},"end":{"line":19,"column":59}},{"start":{"line":19,"column":62},"end":{"line":19,"column":68}}],"line":19}},"s":{"0":20,"1":2,"2":2},"f":{"0":20,"1":2,"2":2},"b":{"0":[11,9],"1":[11,9]},"_coverageSchema":"1a1c01bbd47fc00a2c39e90264f33305004495a9","hash":"b5987c224284858eeff107dcdee89deac17fb58c"}
,"C:\\Users\\imran\\OneDrive - Edge Hill University\\JavaScript Projects\\To Do List React Front End\\ToDoList\\src\\TaskList.jsx": {"path":"C:\\Users\\imran\\OneDrive - Edge Hill University\\JavaScript Projects\\To Do List React Front End\\ToDoList\\src\\TaskList.jsx","statementMap":{"0":{"start":{"line":5,"column":2},"end":{"line":20,"column":4}},"1":{"start":{"line":11,"column":10},"end":{"line":16,"column":12}}},"fnMap":{"0":{"name":"TaskList","decl":{"start":{"line":4,"column":9},"end":{"line":4,"column":17}},"loc":{"start":{"line":4,"column":61},"end":{"line":21,"column":1}},"line":4},"1":{"name":"(anonymous_1)","decl":{"start":{"line":10,"column":18},"end":{"line":10,"column":19}},"loc":{"start":{"line":11,"column":10},"end":{"line":16,"column":12}},"line":11}},"branchMap":{"0":{"loc":{"start":{"line":7,"column":7},"end":{"line":18,"column":7}},"type":"cond-expr","locations":[{"start":{"line":8,"column":8},"end":{"line":8,"column":43}},{"start":{"line":10,"column":8},"end":{"line":17,"column":10}}],"line":7}},"s":{"0":12,"1":22},"f":{"0":12,"1":22},"b":{"0":[1,11]},"_coverageSchema":"1a1c01bbd47fc00a2c39e90264f33305004495a9","hash":"5028f4df83f3ef81e1067241238e44b3b2ddba5c"}
}
