TN:
SF:src\App.jsx
FN:6,App
FN:11,(anonymous_1)
FN:28,(anonymous_2)
FN:32,(anonymous_3)
FN:45,(anonymous_4)
FN:49,(anonymous_5)
FN:59,(anonymous_6)
FN:62,(anonymous_7)
FNF:8
FNH:8
FNDA:22,App
FNDA:8,(anonymous_1)
FNDA:8,(anonymous_2)
FNDA:2,(anonymous_3)
FNDA:2,(anonymous_4)
FNDA:2,(anonymous_5)
FNDA:2,(anonymous_6)
FNDA:2,(anonymous_7)
DA:7,22
DA:8,22
DA:9,22
DA:11,22
DA:12,8
DA:13,8
DA:14,8
DA:15,8
DA:16,7
DA:19,1
DA:20,1
DA:24,8
DA:28,22
DA:29,8
DA:32,22
DA:33,2
DA:34,2
DA:35,1
DA:39,1
DA:40,1
DA:45,22
DA:47,2
DA:48,2
DA:49,1
DA:50,2
DA:54,1
DA:55,1
DA:59,22
DA:60,2
DA:61,2
DA:62,2
DA:65,1
DA:66,1
DA:70,22
DA:71,14
DA:73,10
LF:36
LH:36
BRDA:50,0,0,1
BRDA:50,0,1,1
BRDA:70,1,0,8
BRDA:70,1,1,14
BRDA:71,2,0,4
BRDA:71,2,1,10
BRF:6
BRH:6
end_of_record
TN:
SF:src\Operations.js
FN:5,(anonymous_0)
FN:10,(anonymous_1)
FN:15,(anonymous_2)
FN:20,(anonymous_3)
FNF:4
FNH:4
FNDA:1,(anonymous_0)
FNDA:1,(anonymous_1)
FNDA:1,(anonymous_2)
FNDA:1,(anonymous_3)
DA:1,1
DA:3,1
DA:5,1
DA:6,1
DA:7,1
DA:10,1
DA:11,1
DA:12,1
DA:15,1
DA:16,1
DA:17,1
DA:20,1
DA:21,1
DA:22,1
DA:25,1
LF:15
LH:15
BRF:0
BRH:0
end_of_record
TN:
SF:src\TaskForm.jsx
FN:3,TaskForm
FN:7,(anonymous_1)
FN:28,(anonymous_2)
FNF:3
FNH:3
FNDA:19,TaskForm
FNDA:4,(anonymous_1)
FNDA:3,(anonymous_2)
DA:5,19
DA:7,19
DA:8,4
DA:9,4
DA:11,1
DA:12,1
DA:15,3
DA:16,3
DA:20,19
DA:28,3
LF:10
LH:10
BRDA:9,0,0,1
BRDA:9,0,1,3
BRF:2
BRH:2
end_of_record
TN:
SF:src\TaskItem.jsx
FN:3,TaskItem
FN:23,(anonymous_1)
FN:28,(anonymous_2)
FNF:3
FNH:3
FNDA:20,TaskItem
FNDA:2,(anonymous_1)
FNDA:2,(anonymous_2)
DA:5,20
DA:23,2
DA:28,2
LF:3
LH:3
BRDA:13,0,0,11
BRDA:13,0,1,9
BRDA:19,1,0,11
BRDA:19,1,1,9
BRF:4
BRH:4
end_of_record
TN:
SF:src\TaskList.jsx
FN:4,TaskList
FN:10,(anonymous_1)
FNF:2
FNH:2
FNDA:12,TaskList
FNDA:22,(anonymous_1)
DA:5,12
DA:11,22
LF:2
LH:2
BRDA:7,0,0,1
BRDA:7,0,1,11
BRF:2
BRH:2
end_of_record
